[0.068s] DEBUG:colcon:Command line arguments: ['/usr/bin/colcon', 'build', '--symlink-install']
[0.068s] DEBUG:colcon:Parsed command line arguments: Namespace(log_base=None, log_level=None, verb_name='build', build_base='build', install_base='install', merge_install=False, symlink_install=True, test_result_base=None, continue_on_error=False, executor='parallel', parallel_workers=16, event_handlers=None, ignore_user_meta=False, metas=['./colcon.meta'], base_paths=['.'], packages_ignore=None, packages_ignore_regex=None, paths=None, packages_up_to=None, packages_up_to_regex=None, packages_above=None, packages_above_and_dependencies=None, packages_above_depth=None, packages_select_by_dep=None, packages_skip_by_dep=None, packages_skip_up_to=None, packages_select_build_failed=False, packages_skip_build_finished=False, packages_select_test_failures=False, packages_skip_test_passed=False, packages_select=None, packages_skip=None, packages_select_regex=None, packages_skip_regex=None, packages_start=None, packages_end=None, allow_overriding=[], cmake_args=None, cmake_target=None, cmake_target_skip_unavailable=False, cmake_clean_cache=False, cmake_clean_first=False, cmake_force_configure=False, ament_cmake_args=None, catkin_cmake_args=None, catkin_skip_building_tests=False, verb_parser=<colcon_defaults.argument_parser.defaults.DefaultArgumentsDecorator object at 0x76cc20dfb650>, verb_extension=<colcon_core.verb.build.BuildVerb object at 0x76cc20f9fe90>, main=<bound method BuildVerb.main of <colcon_core.verb.build.BuildVerb object at 0x76cc20f9fe90>>)
[0.095s] Level 1:colcon.colcon_core.package_discovery:discover_packages(colcon_meta) check parameters
[0.095s] Level 1:colcon.colcon_core.package_discovery:discover_packages(recursive) check parameters
[0.095s] Level 1:colcon.colcon_core.package_discovery:discover_packages(ignore) check parameters
[0.095s] Level 1:colcon.colcon_core.package_discovery:discover_packages(path) check parameters
[0.095s] Level 1:colcon.colcon_core.package_discovery:discover_packages(colcon_meta) discover
[0.095s] Level 1:colcon.colcon_core.package_discovery:discover_packages(recursive) discover
[0.095s] INFO:colcon.colcon_core.package_discovery:Crawling recursively for packages in '/home/carlobeni/ros2_projects/ros2_robot_ws4/src/articubot_three'
[0.095s] Level 1:colcon.colcon_core.package_identification:_identify(.) by extensions ['ignore', 'ignore_ament_install']
[0.096s] Level 1:colcon.colcon_core.package_identification:_identify(.) by extension 'ignore'
[0.096s] Level 1:colcon.colcon_core.package_identification:_identify(.) by extension 'ignore_ament_install'
[0.096s] Level 1:colcon.colcon_core.package_identification:_identify(.) by extensions ['colcon_pkg']
[0.096s] Level 1:colcon.colcon_core.package_identification:_identify(.) by extension 'colcon_pkg'
[0.096s] Level 1:colcon.colcon_core.package_identification:_identify(.) by extensions ['colcon_meta']
[0.096s] Level 1:colcon.colcon_core.package_identification:_identify(.) by extension 'colcon_meta'
[0.096s] Level 1:colcon.colcon_core.package_identification:_identify(.) by extensions ['ros']
[0.096s] Level 1:colcon.colcon_core.package_identification:_identify(.) by extension 'ros'
[0.118s] DEBUG:colcon.colcon_core.package_identification:Package '.' with type 'ros.ament_cmake' and name 'articubot_three'
[0.118s] Level 1:colcon.colcon_core.package_discovery:discover_packages(recursive) using defaults
[0.118s] Level 1:colcon.colcon_core.package_discovery:discover_packages(ignore) discover
[0.118s] Level 1:colcon.colcon_core.package_discovery:discover_packages(ignore) using defaults
[0.118s] Level 1:colcon.colcon_core.package_discovery:discover_packages(path) discover
[0.118s] Level 1:colcon.colcon_core.package_discovery:discover_packages(path) using defaults
[0.130s] Level 1:colcon.colcon_core.package_discovery:discover_packages(prefix_path) check parameters
[0.130s] Level 1:colcon.colcon_core.package_discovery:discover_packages(prefix_path) discover
[0.131s] DEBUG:colcon.colcon_installed_package_information.package_discovery:Found 1 installed packages in /home/carlobeni/ros2_projects/ros2_robot_ws4/install
[0.132s] DEBUG:colcon.colcon_installed_package_information.package_discovery:Found 391 installed packages in /opt/ros/rolling
[0.132s] Level 1:colcon.colcon_core.package_discovery:discover_packages(prefix_path) using defaults
[0.161s] Level 5:colcon.colcon_core.verb:set package 'articubot_three' build argument 'cmake_args' from command line to 'None'
[0.161s] Level 5:colcon.colcon_core.verb:set package 'articubot_three' build argument 'cmake_target' from command line to 'None'
[0.161s] Level 5:colcon.colcon_core.verb:set package 'articubot_three' build argument 'cmake_target_skip_unavailable' from command line to 'False'
[0.161s] Level 5:colcon.colcon_core.verb:set package 'articubot_three' build argument 'cmake_clean_cache' from command line to 'False'
[0.161s] Level 5:colcon.colcon_core.verb:set package 'articubot_three' build argument 'cmake_clean_first' from command line to 'False'
[0.161s] Level 5:colcon.colcon_core.verb:set package 'articubot_three' build argument 'cmake_force_configure' from command line to 'False'
[0.161s] Level 5:colcon.colcon_core.verb:set package 'articubot_three' build argument 'ament_cmake_args' from command line to 'None'
[0.161s] Level 5:colcon.colcon_core.verb:set package 'articubot_three' build argument 'catkin_cmake_args' from command line to 'None'
[0.161s] Level 5:colcon.colcon_core.verb:set package 'articubot_three' build argument 'catkin_skip_building_tests' from command line to 'False'
[0.161s] DEBUG:colcon.colcon_core.verb:Building package 'articubot_three' with the following arguments: {'ament_cmake_args': None, 'build_base': '/home/carlobeni/ros2_projects/ros2_robot_ws4/src/articubot_three/build/articubot_three', 'catkin_cmake_args': None, 'catkin_skip_building_tests': False, 'cmake_args': None, 'cmake_clean_cache': False, 'cmake_clean_first': False, 'cmake_force_configure': False, 'cmake_target': None, 'cmake_target_skip_unavailable': False, 'install_base': '/home/carlobeni/ros2_projects/ros2_robot_ws4/src/articubot_three/install/articubot_three', 'merge_install': False, 'path': '/home/carlobeni/ros2_projects/ros2_robot_ws4/src/articubot_three', 'symlink_install': True, 'test_result_base': None}
[0.161s] INFO:colcon.colcon_core.executor:Executing jobs using 'parallel' executor
[0.162s] DEBUG:colcon.colcon_parallel_executor.executor.parallel:run_until_complete
[0.162s] INFO:colcon.colcon_ros.task.ament_cmake.build:Building ROS package in '/home/carlobeni/ros2_projects/ros2_robot_ws4/src/articubot_three' with build type 'ament_cmake'
[0.162s] INFO:colcon.colcon_cmake.task.cmake.build:Building CMake package in '/home/carlobeni/ros2_projects/ros2_robot_ws4/src/articubot_three'
[0.163s] INFO:colcon.colcon_core.plugin_system:Skipping extension 'colcon_core.shell.bat': Not used on non-Windows systems
[0.164s] INFO:colcon.colcon_core.shell:Skip shell extension 'powershell' for command environment: Not usable outside of PowerShell
[0.164s] DEBUG:colcon.colcon_core.shell:Skip shell extension 'dsv' for command environment
[0.171s] DEBUG:colcon.colcon_core.event_handler.log_command:Invoking command in '/home/carlobeni/ros2_projects/ros2_robot_ws4/src/articubot_three/build/articubot_three': CMAKE_PREFIX_PATH=${CMAKE_PREFIX_PATH}:/opt/ros/rolling DEBUGINFOD_URLS=https://debuginfod.ubuntu.com /usr/bin/cmake /home/carlobeni/ros2_projects/ros2_robot_ws4/src/articubot_three -DAMENT_CMAKE_SYMLINK_INSTALL=1 -DCMAKE_INSTALL_PREFIX=/home/carlobeni/ros2_projects/ros2_robot_ws4/src/articubot_three/install/articubot_three
[0.946s] DEBUG:colcon.colcon_core.event_handler.log_command:Invoked command in '/home/carlobeni/ros2_projects/ros2_robot_ws4/src/articubot_three/build/articubot_three' returned '0': CMAKE_PREFIX_PATH=${CMAKE_PREFIX_PATH}:/opt/ros/rolling DEBUGINFOD_URLS=https://debuginfod.ubuntu.com /usr/bin/cmake /home/carlobeni/ros2_projects/ros2_robot_ws4/src/articubot_three -DAMENT_CMAKE_SYMLINK_INSTALL=1 -DCMAKE_INSTALL_PREFIX=/home/carlobeni/ros2_projects/ros2_robot_ws4/src/articubot_three/install/articubot_three
[0.947s] DEBUG:colcon.colcon_core.event_handler.log_command:Invoking command in '/home/carlobeni/ros2_projects/ros2_robot_ws4/src/articubot_three/build/articubot_three': CMAKE_PREFIX_PATH=${CMAKE_PREFIX_PATH}:/opt/ros/rolling DEBUGINFOD_URLS=https://debuginfod.ubuntu.com /usr/bin/cmake --build /home/carlobeni/ros2_projects/ros2_robot_ws4/src/articubot_three/build/articubot_three -- -j16 -l16
[0.980s] DEBUG:colcon.colcon_core.event_handler.log_command:Invoked command in '/home/carlobeni/ros2_projects/ros2_robot_ws4/src/articubot_three/build/articubot_three' returned '0': CMAKE_PREFIX_PATH=${CMAKE_PREFIX_PATH}:/opt/ros/rolling DEBUGINFOD_URLS=https://debuginfod.ubuntu.com /usr/bin/cmake --build /home/carlobeni/ros2_projects/ros2_robot_ws4/src/articubot_three/build/articubot_three -- -j16 -l16
[0.991s] DEBUG:colcon.colcon_core.event_handler.log_command:Invoking command in '/home/carlobeni/ros2_projects/ros2_robot_ws4/src/articubot_three/build/articubot_three': CMAKE_PREFIX_PATH=${CMAKE_PREFIX_PATH}:/opt/ros/rolling DEBUGINFOD_URLS=https://debuginfod.ubuntu.com /usr/bin/cmake --install /home/carlobeni/ros2_projects/ros2_robot_ws4/src/articubot_three/build/articubot_three
[1.320s] Level 1:colcon.colcon_core.environment:create_environment_scripts_only(articubot_three)
[1.320s] DEBUG:colcon.colcon_core.event_handler.log_command:Invoked command in '/home/carlobeni/ros2_projects/ros2_robot_ws4/src/articubot_three/build/articubot_three' returned '0': CMAKE_PREFIX_PATH=${CMAKE_PREFIX_PATH}:/opt/ros/rolling DEBUGINFOD_URLS=https://debuginfod.ubuntu.com /usr/bin/cmake --install /home/carlobeni/ros2_projects/ros2_robot_ws4/src/articubot_three/build/articubot_three
[1.322s] Level 1:colcon.colcon_core.environment:checking '/home/carlobeni/ros2_projects/ros2_robot_ws4/src/articubot_three/install/articubot_three' for CMake module files
[1.322s] Level 1:colcon.colcon_core.environment:checking '/home/carlobeni/ros2_projects/ros2_robot_ws4/src/articubot_three/install/articubot_three' for CMake config files
[1.322s] Level 1:colcon.colcon_core.shell:create_environment_hook('articubot_three', 'cmake_prefix_path')
[1.322s] INFO:colcon.colcon_core.shell:Creating environment hook '/home/carlobeni/ros2_projects/ros2_robot_ws4/src/articubot_three/install/articubot_three/share/articubot_three/hook/cmake_prefix_path.ps1'
[1.323s] INFO:colcon.colcon_core.shell:Creating environment descriptor '/home/carlobeni/ros2_projects/ros2_robot_ws4/src/articubot_three/install/articubot_three/share/articubot_three/hook/cmake_prefix_path.dsv'
[1.323s] INFO:colcon.colcon_core.shell:Creating environment hook '/home/carlobeni/ros2_projects/ros2_robot_ws4/src/articubot_three/install/articubot_three/share/articubot_three/hook/cmake_prefix_path.sh'
[1.324s] Level 1:colcon.colcon_core.environment:checking '/home/carlobeni/ros2_projects/ros2_robot_ws4/src/articubot_three/install/articubot_three/lib'
[1.324s] Level 1:colcon.colcon_core.environment:checking '/home/carlobeni/ros2_projects/ros2_robot_ws4/src/articubot_three/install/articubot_three/bin'
[1.324s] Level 1:colcon.colcon_core.environment:checking '/home/carlobeni/ros2_projects/ros2_robot_ws4/src/articubot_three/install/articubot_three/lib/pkgconfig/articubot_three.pc'
[1.324s] Level 1:colcon.colcon_core.environment:checking '/home/carlobeni/ros2_projects/ros2_robot_ws4/src/articubot_three/install/articubot_three/lib/python3.12/site-packages'
[1.324s] Level 1:colcon.colcon_core.environment:checking '/home/carlobeni/ros2_projects/ros2_robot_ws4/src/articubot_three/install/articubot_three/bin'
[1.324s] INFO:colcon.colcon_core.shell:Creating package script '/home/carlobeni/ros2_projects/ros2_robot_ws4/src/articubot_three/install/articubot_three/share/articubot_three/package.ps1'
[1.325s] INFO:colcon.colcon_core.shell:Creating package descriptor '/home/carlobeni/ros2_projects/ros2_robot_ws4/src/articubot_three/install/articubot_three/share/articubot_three/package.dsv'
[1.325s] INFO:colcon.colcon_core.shell:Creating package script '/home/carlobeni/ros2_projects/ros2_robot_ws4/src/articubot_three/install/articubot_three/share/articubot_three/package.sh'
[1.325s] INFO:colcon.colcon_core.shell:Creating package script '/home/carlobeni/ros2_projects/ros2_robot_ws4/src/articubot_three/install/articubot_three/share/articubot_three/package.bash'
[1.325s] INFO:colcon.colcon_core.shell:Creating package script '/home/carlobeni/ros2_projects/ros2_robot_ws4/src/articubot_three/install/articubot_three/share/articubot_three/package.zsh'
[1.326s] Level 1:colcon.colcon_core.environment:create_file_with_runtime_dependencies(/home/carlobeni/ros2_projects/ros2_robot_ws4/src/articubot_three/install/articubot_three/share/colcon-core/packages/articubot_three)
[1.326s] Level 1:colcon.colcon_core.environment:create_environment_scripts_only(articubot_three)
[1.326s] Level 1:colcon.colcon_core.environment:checking '/home/carlobeni/ros2_projects/ros2_robot_ws4/src/articubot_three/install/articubot_three' for CMake module files
[1.326s] Level 1:colcon.colcon_core.environment:checking '/home/carlobeni/ros2_projects/ros2_robot_ws4/src/articubot_three/install/articubot_three' for CMake config files
[1.327s] Level 1:colcon.colcon_core.shell:create_environment_hook('articubot_three', 'cmake_prefix_path')
[1.327s] INFO:colcon.colcon_core.shell:Creating environment hook '/home/carlobeni/ros2_projects/ros2_robot_ws4/src/articubot_three/install/articubot_three/share/articubot_three/hook/cmake_prefix_path.ps1'
[1.327s] INFO:colcon.colcon_core.shell:Creating environment descriptor '/home/carlobeni/ros2_projects/ros2_robot_ws4/src/articubot_three/install/articubot_three/share/articubot_three/hook/cmake_prefix_path.dsv'
[1.327s] INFO:colcon.colcon_core.shell:Creating environment hook '/home/carlobeni/ros2_projects/ros2_robot_ws4/src/articubot_three/install/articubot_three/share/articubot_three/hook/cmake_prefix_path.sh'
[1.328s] Level 1:colcon.colcon_core.environment:checking '/home/carlobeni/ros2_projects/ros2_robot_ws4/src/articubot_three/install/articubot_three/lib'
[1.328s] Level 1:colcon.colcon_core.environment:checking '/home/carlobeni/ros2_projects/ros2_robot_ws4/src/articubot_three/install/articubot_three/bin'
[1.328s] Level 1:colcon.colcon_core.environment:checking '/home/carlobeni/ros2_projects/ros2_robot_ws4/src/articubot_three/install/articubot_three/lib/pkgconfig/articubot_three.pc'
[1.328s] Level 1:colcon.colcon_core.environment:checking '/home/carlobeni/ros2_projects/ros2_robot_ws4/src/articubot_three/install/articubot_three/lib/python3.12/site-packages'
[1.328s] Level 1:colcon.colcon_core.environment:checking '/home/carlobeni/ros2_projects/ros2_robot_ws4/src/articubot_three/install/articubot_three/bin'
[1.328s] INFO:colcon.colcon_core.shell:Creating package script '/home/carlobeni/ros2_projects/ros2_robot_ws4/src/articubot_three/install/articubot_three/share/articubot_three/package.ps1'
[1.328s] INFO:colcon.colcon_core.shell:Creating package descriptor '/home/carlobeni/ros2_projects/ros2_robot_ws4/src/articubot_three/install/articubot_three/share/articubot_three/package.dsv'
[1.329s] INFO:colcon.colcon_core.shell:Creating package script '/home/carlobeni/ros2_projects/ros2_robot_ws4/src/articubot_three/install/articubot_three/share/articubot_three/package.sh'
[1.329s] INFO:colcon.colcon_core.shell:Creating package script '/home/carlobeni/ros2_projects/ros2_robot_ws4/src/articubot_three/install/articubot_three/share/articubot_three/package.bash'
[1.329s] INFO:colcon.colcon_core.shell:Creating package script '/home/carlobeni/ros2_projects/ros2_robot_ws4/src/articubot_three/install/articubot_three/share/articubot_three/package.zsh'
[1.329s] Level 1:colcon.colcon_core.environment:create_file_with_runtime_dependencies(/home/carlobeni/ros2_projects/ros2_robot_ws4/src/articubot_three/install/articubot_three/share/colcon-core/packages/articubot_three)
[1.329s] DEBUG:colcon.colcon_parallel_executor.executor.parallel:closing loop
[1.330s] DEBUG:colcon.colcon_parallel_executor.executor.parallel:loop closed
[1.330s] DEBUG:colcon.colcon_parallel_executor.executor.parallel:run_until_complete finished with '0'
[1.330s] DEBUG:colcon.colcon_core.event_reactor:joining thread
[1.333s] INFO:colcon.colcon_core.plugin_system:Skipping extension 'colcon_notification.desktop_notification.terminal_notifier': Not used on non-Darwin systems
[1.333s] INFO:colcon.colcon_core.plugin_system:Skipping extension 'colcon_notification.desktop_notification.win32': Not used on non-Windows systems
[1.333s] INFO:colcon.colcon_notification.desktop_notification:Sending desktop notification using 'notify2'
[1.348s] DEBUG:colcon.colcon_core.event_reactor:joined thread
[1.349s] INFO:colcon.colcon_core.shell:Creating prefix script '/home/carlobeni/ros2_projects/ros2_robot_ws4/src/articubot_three/install/local_setup.ps1'
[1.349s] INFO:colcon.colcon_core.shell:Creating prefix util module '/home/carlobeni/ros2_projects/ros2_robot_ws4/src/articubot_three/install/_local_setup_util_ps1.py'
[1.350s] INFO:colcon.colcon_core.shell:Creating prefix chain script '/home/carlobeni/ros2_projects/ros2_robot_ws4/src/articubot_three/install/setup.ps1'
[1.351s] INFO:colcon.colcon_core.shell:Creating prefix script '/home/carlobeni/ros2_projects/ros2_robot_ws4/src/articubot_three/install/local_setup.sh'
[1.352s] INFO:colcon.colcon_core.shell:Creating prefix util module '/home/carlobeni/ros2_projects/ros2_robot_ws4/src/articubot_three/install/_local_setup_util_sh.py'
[1.352s] INFO:colcon.colcon_core.shell:Creating prefix chain script '/home/carlobeni/ros2_projects/ros2_robot_ws4/src/articubot_three/install/setup.sh'
[1.353s] INFO:colcon.colcon_core.shell:Creating prefix script '/home/carlobeni/ros2_projects/ros2_robot_ws4/src/articubot_three/install/local_setup.bash'
[1.353s] INFO:colcon.colcon_core.shell:Creating prefix chain script '/home/carlobeni/ros2_projects/ros2_robot_ws4/src/articubot_three/install/setup.bash'
[1.354s] INFO:colcon.colcon_core.shell:Creating prefix script '/home/carlobeni/ros2_projects/ros2_robot_ws4/src/articubot_three/install/local_setup.zsh'
[1.355s] INFO:colcon.colcon_core.shell:Creating prefix chain script '/home/carlobeni/ros2_projects/ros2_robot_ws4/src/articubot_three/install/setup.zsh'
